<?xml version="1.0" encoding="UTF-8"?>
<testsuite xmlns:xsi="http://www.w3.org/2001/XMLSchema-instance" xsi:noNamespaceSchemaLocation="https://maven.apache.org/surefire/maven-surefire-plugin/xsd/surefire-test-report-3.0.xsd" version="3.0" name="qlsf.v1.V1ApplicationTests" time="6.754" tests="1" errors="0" skipped="0" failures="0">
  <properties>
[...]
</properties>
  <testcase name="contextLoads" classname="qlsf.v1.V1ApplicationTests" time="1.788">
    <system-out><![CDATA[17:40:07.698 [main] INFO org.springframework.test.context.support.AnnotationConfigContextLoaderUtils -- Could not detect default configuration classes for test class [qlsf.v1.V1ApplicationTests]: V1ApplicationTests does not declare any static, non-private, non-final, nested classes annotated with @Configuration.
17:40:07.846 [main] INFO org.springframework.boot.test.context.SpringBootTestContextBootstrapper -- Found @SpringBootConfiguration qlsf.v1.V1Application for test class qlsf.v1.V1ApplicationTests

  .   ____          _            __ _ _
 /\\ / ___'_ __ _ _(_)_ __  __ _ \ \ \ \
( ( )\___ | '_ | '_| | '_ \/ _` | \ \ \ \
 \\/  ___)| |_)| | | | | || (_| |  ) ) ) )
  '  |____| .__|_| |_|_| |_\__, | / / / /
 =========|_|==============|___/=/_/_/_/

 :: Spring Boot ::                (v3.4.1)

2025-01-12T17:40:08.715-05:00  INFO 22172 --- [v1] [           main] qlsf.v1.V1ApplicationTests               : Starting V1ApplicationTests using Java 17.0.12 with PID 22172 (started by HP Pavilion in C:\Users\HP Pavilion\Desktop\QLSF\v1)
2025-01-12T17:40:08.718-05:00  INFO 22172 --- [v1] [           main] qlsf.v1.V1ApplicationTests               : No active profile set, falling back to 1 default profile: "default"
2025-01-12T17:40:10.909-05:00  WARN 22172 --- [v1] [           main] o.a.c.i.e.DefaultCamelBeanPostProcessor  : No CamelContext defined yet so cannot inject into bean: startupConditionStrategy
2025-01-12T17:40:12.070-05:00  WARN 22172 --- [v1] [           main] o.s.b.a.f.FreeMarkerAutoConfiguration    : Cannot find template location: [classpath:/templates/] (please add some templates, check your FreeMarker configuration, or set spring.freemarker.check-template-location=false)
2025-01-12T17:40:12.366-05:00  INFO 22172 --- [v1] [           main] o.a.c.impl.engine.AbstractCamelContext   : Apache Camel 4.9.0 (camel-1) is starting
2025-01-12T17:40:12.386-05:00  INFO 22172 --- [v1] [           main] o.a.c.impl.engine.AbstractCamelContext   : Routes startup (total:0)
2025-01-12T17:40:12.386-05:00  INFO 22172 --- [v1] [           main] o.a.c.impl.engine.AbstractCamelContext   : Apache Camel 4.9.0 (camel-1) started in 19ms (build:0ms init:0ms start:19ms boot:1s453ms)
2025-01-12T17:40:12.392-05:00  INFO 22172 --- [v1] [           main] qlsf.v1.V1ApplicationTests               : Started V1ApplicationTests in 4.279 seconds (process running for 6.159)
]]></system-out>
  </testcase>
</testsuite>